{"/Users/poli/Developer/portfolio/image-box/src/app/components/Navbar/components/BrandLogo/BrandLogo.tsx": {"path":"/Users/poli/Developer/portfolio/image-box/src/app/components/Navbar/components/BrandLogo/BrandLogo.tsx","statementMap":{"0":{"start":{"line":4,"column":2},"end":{"line":8,"column":null}}},"fnMap":{"0":{"name":"BrandLogo","decl":{"start":{"line":3,"column":9},"end":{"line":3,"column":21}},"loc":{"start":{"line":3,"column":21},"end":{"line":10,"column":null}}}},"branchMap":{},"s":{"0":1},"f":{"0":1},"b":{}}
}
